<?xml version="1.0" encoding="UTF-8"?>
<testng-results ignored="0" total="1" passed="1" failed="0" skipped="0">
  <reporter-output>
  </reporter-output>
  <suite started-at="2021-04-04T12:09:43 EDT" name="Default suite" finished-at="2021-04-04T12:09:49 EDT" duration-ms="5534">
    <groups>
    </groups>
    <test started-at="2021-04-04T12:09:43 EDT" name="Default test" finished-at="2021-04-04T12:09:49 EDT" duration-ms="5534">
      <class name="com.testcases.LoginTestCase">
        <test-method signature="Login()[pri:0, instance:com.testcases.LoginTestCase@12b0404f]" started-at="2021-04-04T12:09:43 EDT" name="Login" finished-at="2021-04-04T12:09:49 EDT" duration-ms="5502" status="PASS">
          <reporter-output>
          </reporter-output>
        </test-method> <!-- Login -->
      </class> <!-- com.testcases.LoginTestCase -->
    </test> <!-- Default test -->
  </suite> <!-- Default suite -->
</testng-results>
